<?xml version="1.0" encoding="UTF-8"?>
<testng-results ignored="0" total="1" passed="1" failed="0" skipped="0">
  <reporter-output>
  </reporter-output>
  <suite started-at="2021-05-31T14:58:35 IST" name="Default suite" finished-at="2021-05-31T14:59:33 IST" duration-ms="57305">
    <groups>
    </groups>
    <test started-at="2021-05-31T14:58:35 IST" name="Default test" finished-at="2021-05-31T14:59:33 IST" duration-ms="57305">
      <class name="com.ty.ecommerce.scripts.AddToCart">
        <test-method is-config="true" signature="openApp()[pri:0, instance:com.ty.ecommerce.scripts.AddToCart@51e5fc98]" started-at="2021-05-31T14:58:35 IST" name="openApp" finished-at="2021-05-31T14:59:11 IST" duration-ms="35802" status="PASS">
          <reporter-output>
          </reporter-output>
        </test-method> <!-- openApp -->
        <test-method signature="addTocart()[pri:0, instance:com.ty.ecommerce.scripts.AddToCart@51e5fc98]" started-at="2021-05-31T14:59:11 IST" name="addTocart" finished-at="2021-05-31T14:59:31 IST" duration-ms="19632" status="PASS">
          <reporter-output>
          </reporter-output>
        </test-method> <!-- addTocart -->
        <test-method is-config="true" signature="closeApp(org.testng.ITestResult)[pri:0, instance:com.ty.ecommerce.scripts.AddToCart@51e5fc98]" started-at="2021-05-31T14:59:31 IST" name="closeApp" finished-at="2021-05-31T14:59:32 IST" duration-ms="1658" status="PASS">
          <params>
            <param index="0">
              <value>
                <![CDATA[[TestResult name=addTocart status=SUCCESS method=AddToCart.addTocart()[pri:0, instance:com.ty.ecommerce.scripts.AddToCart@51e5fc98] output={null}]]]>
              </value>
            </param>
          </params>
          <reporter-output>
          </reporter-output>
        </test-method> <!-- closeApp -->
      </class> <!-- com.ty.ecommerce.scripts.AddToCart -->
    </test> <!-- Default test -->
  </suite> <!-- Default suite -->
</testng-results>
